<?xml version="1.0" encoding="UTF-8"?>
<!-- Generated by org.testng.reporters.JUnitXMLReporter -->
<testsuite ignored="0" hostname="QA_Sumit_Patil" failures="1" tests="1" name="ChromeTest" time="38.48" errors="0" timestamp="2022-11-23T13:25:47 IST">
  <testcase classname="testClass.prefme" name="verify_WalkIn_CheckInTab" time="17.601">
    <failure type="java.lang.NumberFormatException" message="For input string: &amp;quot;27.0&amp;quot;">
      <![CDATA[java.lang.NumberFormatException: For input string: "27.0"
at java.base/java.lang.NumberFormatException.forInputString(NumberFormatException.java:67)
at java.base/java.lang.Integer.parseInt(Integer.java:668)
at java.base/java.lang.Integer.valueOf(Integer.java:999)
at Walk_in_Check_in.WalkIn_CheckIn.SelectDate(WalkIn_CheckIn.java:158)
at testClass.prefme.verify_WalkIn_CheckInTab(prefme.java:276)
at java.base/java.util.concurrent.ThreadPoolExecutor.runWorker(ThreadPoolExecutor.java:1136)
at java.base/java.util.concurrent.ThreadPoolExecutor$Worker.run(ThreadPoolExecutor.java:635)
at java.base/java.lang.Thread.run(Thread.java:833)
... Removed 12 stack frames]]>
    </failure>
  </testcase> <!-- verify_WalkIn_CheckInTab -->
</testsuite> <!-- ChromeTest -->
