<?xml version="1.0" encoding="UTF-8"?>
<!-- Generated by org.testng.reporters.JUnitXMLReporter -->
<testsuite ignored="0" hostname="QA_Sumit_Patil" failures="0" tests="1" name="Default test" time="0.082" errors="0" timestamp="2022-11-23T13:06:42 IST">
  <testcase classname="testClass.prefme" name="@BeforeTest launchbrowser" time="-1.669189002691E9">
    <failure type="org.testng.TestNGException" message="
Parameter &amp;apos;browserName&amp;apos; is required by BeforeTest on method launchbrowser but has not been marked @Optional or defined
in C:\Users\Sumit Patil\AppData\Local\Temp\testng-eclipse-267967472\testng-customsuite.xml">
      <![CDATA[org.testng.TestNGException: 
Parameter 'browserName' is required by BeforeTest on method launchbrowser but has not been marked @Optional or defined
in C:\Users\Sumit Patil\AppData\Local\Temp\testng-eclipse-267967472\testng-customsuite.xml
at org.testng.internal.Parameters.createParams(Parameters.java:267)
at org.testng.internal.Parameters.createParametersForMethod(Parameters.java:355)
at org.testng.internal.Parameters.createParameters(Parameters.java:684)
at org.testng.internal.Parameters.createConfigurationParameters(Parameters.java:166)
at org.testng.internal.invokers.ConfigInvoker.invokeConfigurations(ConfigInvoker.java:277)
at org.testng.TestRunner.invokeTestConfigurations(TestRunner.java:643)
at org.testng.TestRunner.beforeRun(TestRunner.java:632)
at org.testng.TestRunner.run(TestRunner.java:594)
at org.testng.SuiteRunner.runTest(SuiteRunner.java:433)
at org.testng.SuiteRunner.runSequentially(SuiteRunner.java:427)
at org.testng.SuiteRunner.privateRun(SuiteRunner.java:387)
at org.testng.SuiteRunner.run(SuiteRunner.java:330)
at org.testng.SuiteRunnerWorker.runSuite(SuiteRunnerWorker.java:52)
at org.testng.SuiteRunnerWorker.run(SuiteRunnerWorker.java:95)
at org.testng.TestNG.runSuitesSequentially(TestNG.java:1256)
at org.testng.TestNG.runSuitesLocally(TestNG.java:1176)
at org.testng.TestNG.runSuites(TestNG.java:1099)
at org.testng.TestNG.run(TestNG.java:1067)
at org.testng.remote.AbstractRemoteTestNG.run(AbstractRemoteTestNG.java:115)
at org.testng.remote.RemoteTestNG.initAndRun(RemoteTestNG.java:251)
at org.testng.remote.RemoteTestNG.main(RemoteTestNG.java:77)
]]>
    </failure>
  </testcase> <!-- @BeforeTest launchbrowser -->
  <testcase classname="testClass.prefme" name="@BeforeClass createpomobject" time="0.0">
    <skipped/>
  </testcase> <!-- @BeforeClass createpomobject -->
  <testcase classname="testClass.prefme" name="@BeforeMethod logintoApplication" time="0.0">
    <skipped/>
  </testcase> <!-- @BeforeMethod logintoApplication -->
  <testcase classname="testClass.prefme" name="@AfterMethod logoutApplication" time="0.0">
    <skipped/>
  </testcase> <!-- @AfterMethod logoutApplication -->
  <testcase classname="testClass.prefme" name="@AfterClass clearObject" time="0.0">
    <skipped/>
  </testcase> <!-- @AfterClass clearObject -->
  <testcase classname="testClass.prefme" name="@AfterTest closeBrowser" time="0.0">
    <skipped/>
  </testcase> <!-- @AfterTest closeBrowser -->
  <testcase classname="testClass.prefme" name="verify_WalkIn_CheckInTab" time="0.0">
    <skipped/>
  </testcase> <!-- verify_WalkIn_CheckInTab -->
</testsuite> <!-- Default test -->
